0.000, 53000
0.000, 53755
0.000, 54015
0.000, 54701
0.000, 55576
0.000, 55771
0.000, 56718
0.016, 57469
0.016, 58158
0.016, 58250
0.016, 58984
0.031, 59727
0.031, 60236
0.109, 60614
0.141, 61469
0.141, 61531
0.141, 61757
0.141, 62417
0.141, 62422
0.141, 62473
0.172, 62642
0.172, 62892
0.188, 63533
0.203, 63556
0.203, 64412
0.203, 64420
0.203, 64772
0.219, 65182
0.219, 65238
0.219, 65533
0.219, 66281
0.266, 67046
0.266, 67901
0.266, 68592
0.266, 68760
0.266, 69157
0.281, 69444
0.281, 70095
0.297, 70369
0.328, 70707
