0.000, 49474
0.001, 49475
0.002, 49673
0.002, 49700
0.003, 49701
0.003, 49797
0.065, 49832
0.065, 49869
0.081, 49946
0.084, 49985
0.086, 49986
0.091, 50053
0.122, 50118
0.124, 50212
0.124, 50311
0.182, 50312
0.212, 50358
0.216, 50427
0.229, 50540
0.231, 50616
0.243, 50617
0.250, 50644
0.254, 50673
0.261, 50697
0.277, 50698
0.289, 50738
0.293, 50768
0.300, 50769
0.386, 50784
0.436, 50876
0.439, 50972
0.440, 50973
0.440, 51027
0.455, 51028
0.523, 51118
0.539, 51183
0.541, 51184
0.869, 51186
0.870, 51187
0.888, 51211
0.948, 51228
1.051, 51291
1.078, 51292
1.080, 51293
1.085, 51352
1.097, 51353
