0.000, 22568
0.000, 23146
0.000, 23196
0.000, 23897
0.000, 24835
0.000, 25148
0.000, 25404
0.000, 26253
0.000, 26999
0.000, 27083
0.016, 27118
0.031, 27461
0.047, 28015
0.047, 28036
0.047, 28765
0.047, 29499
0.047, 30462
0.047, 31111
0.047, 31797
0.047, 32095
0.063, 32342
0.078, 33237
0.078, 33913
0.078, 34787
0.078, 35706
0.078, 36347
0.078, 37197
0.094, 37366
0.109, 38008
0.109, 38529
0.109, 39325
0.109, 39895
0.109, 40113
0.109, 40825
0.125, 40846
0.156, 41429
0.219, 41910
0.219, 42515
0.219, 43494
0.234, 43497
0.281, 44135
0.375, 44186
