0.000, 49292
0.001, 49624
0.001, 49636
0.001, 49780
0.002, 49937
0.006, 49938
0.006, 49977
0.008, 49978
0.014, 49979
0.097, 50003
0.144, 50064
0.144, 50187
0.145, 50306
0.145, 50307
0.146, 50399
0.172, 50435
0.173, 50436
0.174, 50476
0.189, 50544
0.195, 50545
0.206, 50574
0.213, 50575
0.253, 50603
0.258, 50668
0.261, 50721
0.279, 50722
0.282, 50723
0.294, 50748
0.316, 50765
0.317, 50771
0.320, 50772
0.328, 50777
0.331, 50850
0.427, 50888
0.435, 50905
0.464, 50920
0.515, 51048
0.516, 51082
0.516, 51083
0.521, 51100
0.524, 51101
0.526, 51165
0.538, 51211
0.547, 51287
0.550, 51333
0.591, 51416
0.600, 51417
0.644, 51515
0.645, 51516
0.651, 51517
0.655, 51604
0.676, 51676
0.678, 51705
0.861, 51706
