0.000, 24820
0.001, 24910
0.001, 24995
0.001, 25022
0.001, 25091
0.002, 25092
0.002, 25215
0.003, 25216
0.005, 25245
0.005, 25269
0.012, 25343
0.012, 25344
0.066, 25423
0.066, 25424
0.070, 25425
0.104, 25472
0.105, 25494
0.114, 25576
0.116, 25687
0.116, 25774
0.120, 25830
0.121, 25831
0.135, 25913
0.136, 25980
0.137, 25981
0.145, 26026
0.148, 26027
0.167, 26045
0.207, 26133
0.208, 26160
0.210, 26178
0.214, 26179
0.245, 26192
0.259, 26314
0.260, 26315
0.262, 26372
0.262, 26373
0.332, 26403
0.337, 26404
0.358, 26415
0.407, 26416
0.450, 26417
