0.000, 25873
0.000, 26090
0.001, 26091
0.001, 26115
0.001, 26156
0.001, 26157
0.001, 26197
0.002, 26198
0.006, 26265
0.008, 26357
0.034, 26423
0.035, 26424
0.042, 26514
0.046, 26515
0.046, 26516
0.061, 26524
0.077, 26563
0.086, 26649
0.093, 26673
0.111, 26702
0.124, 26733
0.126, 26734
0.131, 26735
0.133, 26736
0.134, 26737
0.135, 26761
0.142, 26796
0.142, 26797
0.183, 26798
0.303, 26879
0.305, 26938
0.305, 26939
0.311, 26955
0.313, 26956
0.330, 26964
0.366, 26971
0.367, 26972
0.388, 26992
0.407, 26993
0.408, 26994
0.421, 27019
