0.000, 21620
0.000, 22174
0.016, 22258
0.016, 22556
0.016, 23172
0.016, 23455
0.016, 23639
0.016, 24609
0.016, 25004
0.031, 25645
0.047, 25814
0.047, 26031
0.047, 26757
0.047, 27326
0.047, 27738
0.047, 28221
0.047, 28898
0.047, 28907
0.047, 29743
0.047, 30011
0.062, 30014
0.062, 30504
0.062, 30882
0.062, 31472
0.062, 32021
0.062, 32667
0.062, 33327
0.062, 33804
0.062, 34575
0.062, 34929
0.062, 35688
0.062, 35693
0.094, 36344
0.125, 36444
0.125, 36842
0.125, 37413
0.125, 37913
0.125, 38798
0.188, 39441
0.188, 40090
0.203, 40773
0.234, 40824
