0.000, 50823
0.001, 50852
0.001, 50995
0.002, 50996
0.005, 51087
0.006, 51088
0.014, 51117
0.019, 51118
0.024, 51190
0.032, 51191
0.060, 51303
0.061, 51304
0.066, 51337
0.069, 51338
0.093, 51405
0.100, 51451
0.104, 51527
0.108, 51580
0.112, 51581
0.126, 51582
0.155, 51608
0.159, 51636
0.170, 51667
0.171, 51743
0.173, 51773
0.185, 51798
0.191, 51857
0.197, 51884
0.203, 51885
0.211, 51902
0.227, 52039
0.230, 52040
0.453, 52045
0.453, 52184
0.454, 52190
0.478, 52288
0.479, 52289
0.518, 52314
0.525, 52315
0.527, 52339
0.615, 52428
0.713, 52443
0.719, 52482
0.731, 52505
