0.000, 50597
0.000, 50677
0.000, 50771
0.000, 50811
0.000, 50929
0.016, 50954
0.016, 50955
0.031, 50956
0.062, 50976
0.109, 50988
0.125, 50989
0.141, 50990
0.141, 50991
0.187, 50999
0.187, 51002
0.187, 51003
0.203, 51004
0.203, 51063
0.250, 51072
0.250, 51073
0.250, 51074
0.250, 51101
0.266, 51130
0.297, 51131
0.312, 51132
0.312, 51149
0.391, 51155
0.406, 51184
0.453, 51231
0.469, 51232
0.484, 51238
0.547, 51277
0.687, 51313
0.687, 51404
0.703, 51405
0.703, 51429
0.750, 51501
0.781, 51502
0.797, 51519
0.828, 51586
0.891, 51587
0.937, 51588
