0.000, 53246
0.000, 53472
0.000, 53601
0.000, 53839
0.000, 54107
0.031, 54666
0.031, 55372
0.031, 55639
0.031, 55723
0.062, 56662
0.062, 57130
0.062, 57977
0.078, 58513
0.078, 59191
0.125, 59476
0.156, 60203
0.156, 60667
0.156, 60848
0.156, 61186
0.156, 61898
0.156, 62861
0.172, 63370
0.172, 63748
0.203, 64396
0.203, 65080
0.203, 66078
0.203, 66780
0.203, 67284
0.219, 67453
0.219, 68303
0.234, 68836
0.234, 69296
0.234, 69697
0.234, 69992
0.234, 70647
0.234, 71532
0.234, 72045
0.266, 72540
0.266, 72543
0.391, 73421
0.391, 73627
0.391, 74598
0.391, 75503
0.391, 75554
