0.000, 49588
0.000, 50007
0.001, 50012
0.002, 50013
0.002, 50014
0.008, 50015
0.014, 50051
0.018, 50092
0.019, 50184
0.023, 50208
0.041, 50236
0.041, 50261
0.046, 50262
0.050, 50317
0.054, 50395
0.055, 50396
0.069, 50428
0.078, 50467
0.087, 50483
0.092, 50484
0.109, 50547
0.117, 50564
0.119, 50565
0.127, 50566
0.217, 50601
0.356, 50712
0.358, 50766
0.360, 50801
0.363, 50802
0.365, 50862
0.367, 50891
0.418, 50950
0.469, 51034
0.470, 51100
0.472, 51108
0.609, 51134
0.743, 51173
0.748, 51202
0.787, 51203
0.850, 51204
0.857, 51290
0.864, 51389
0.968, 51495
0.972, 51562
0.997, 51563
