0.000, 24020
0.000, 24063
0.000, 24377
0.005, 24417
0.014, 24418
0.018, 24514
0.018, 24515
0.024, 24524
0.024, 24565
0.036, 24578
0.036, 24579
0.038, 24580
0.039, 24647
0.042, 24648
0.059, 24657
0.061, 24658
0.065, 24675
0.066, 24676
0.070, 24692
0.073, 24714
0.086, 24747
0.093, 24762
0.093, 24786
0.117, 24821
0.121, 24822
0.124, 24828
0.135, 24829
0.161, 24845
0.203, 24846
0.204, 24871
0.205, 24930
0.208, 24931
0.214, 24948
0.228, 24964
0.237, 24990
0.243, 25095
0.246, 25096
0.333, 25182
0.426, 25183
0.443, 25184
0.447, 25238
