0.000, 48250
0.000, 49207
0.000, 49848
0.000, 49883
0.016, 50384
0.016, 50772
0.016, 50937
0.016, 51152
0.016, 51714
0.016, 52684
0.016, 53418
0.016, 54066
0.031, 54579
0.031, 55438
0.031, 56121
0.031, 56704
0.031, 57403
0.047, 57800
0.047, 58297
0.063, 59100
0.063, 59747
0.063, 60268
0.078, 60919
0.078, 61560
0.156, 62363
0.156, 63112
0.156, 63126
0.188, 63804
0.234, 64150
0.234, 64893
0.266, 65544
0.328, 65882
0.438, 66582
0.438, 67468
0.438, 68215
0.438, 68249
0.438, 68502
0.453, 69262
0.453, 69940
0.484, 70629
0.500, 70727
0.500, 71147
0.500, 71938
0.516, 72837
0.516, 73033
0.516, 73640
0.516, 74410
0.516, 74905
0.531, 74908
0.547, 75441
0.547, 75739
