0.000, 24822
0.002, 24919
0.008, 25010
0.009, 25011
0.067, 25049
0.068, 25116
0.080, 25159
0.080, 25160
0.082, 25161
0.084, 25178
0.087, 25218
0.091, 25255
0.094, 25256
0.096, 25362
0.096, 25448
0.096, 25449
0.098, 25450
0.108, 25456
0.109, 25457
0.120, 25458
0.124, 25482
0.148, 25495
0.160, 25538
0.161, 25539
0.162, 25557
0.165, 25615
0.176, 25616
0.184, 25653
0.193, 25682
0.202, 25714
0.218, 25715
0.223, 25716
0.243, 25773
0.260, 25840
0.281, 25887
0.285, 25888
0.304, 25889
0.316, 25976
0.316, 26012
0.336, 26084
0.353, 26092
0.405, 26093
0.414, 26094
0.436, 26184
0.447, 26185
