0.000, 49516
0.002, 49607
0.003, 49608
0.004, 49621
0.005, 49622
0.007, 49660
0.007, 49661
0.009, 49688
0.018, 49689
0.019, 49690
0.020, 49708
0.046, 49733
0.048, 49807
0.049, 49889
0.049, 49890
0.105, 49981
0.106, 49984
0.112, 49985
0.136, 49999
0.137, 50017
0.139, 50101
0.140, 50102
0.149, 50132
0.150, 50149
0.152, 50204
0.155, 50205
0.176, 50221
0.198, 50305
0.219, 50334
0.223, 50347
0.226, 50348
0.230, 50388
0.250, 50389
0.254, 50436
0.307, 50489
0.313, 50576
0.370, 50607
0.389, 50613
0.396, 50703
0.400, 50704
0.460, 50705
0.726, 50721
0.772, 50722
0.792, 50813
0.880, 50820
0.884, 50842
