0.000, 25179
0.001, 25219
0.001, 25354
0.001, 25355
0.002, 25356
0.004, 25357
0.008, 25358
0.025, 25368
0.031, 25437
0.031, 25512
0.039, 25513
0.041, 25576
0.042, 25588
0.048, 25589
0.050, 25680
0.052, 25726
0.054, 25762
0.055, 25763
0.059, 25853
0.079, 25854
0.084, 25871
0.126, 25949
0.134, 25965
0.134, 26000
0.142, 26013
0.147, 26036
0.148, 26037
0.152, 26123
0.165, 26124
0.206, 26170
0.224, 26172
0.237, 26187
0.239, 26188
0.239, 26189
0.260, 26195
0.314, 26196
0.322, 26197
0.355, 26286
0.359, 26287
0.360, 26316
0.369, 26334
0.374, 26335
0.412, 26336
