0.000, 48816
0.001, 48943
0.009, 48969
0.010, 49063
0.014, 49079
0.015, 49151
0.015, 49152
0.016, 49172
0.020, 49234
0.021, 49270
0.024, 49362
0.055, 49473
0.057, 49474
0.058, 49565
0.061, 49566
0.062, 49603
0.067, 49604
0.070, 49605
0.089, 49634
0.100, 49721
0.101, 49748
0.106, 49749
0.107, 49757
0.110, 49797
0.122, 49821
0.217, 49919
0.217, 49978
0.220, 49979
0.221, 49980
0.223, 49981
0.248, 49982
0.249, 49983
0.359, 49995
0.388, 50054
0.448, 50097
0.459, 50160
0.475, 50183
0.478, 50184
0.492, 50200
0.507, 50239
0.605, 50315
0.640, 50320
0.647, 50406
0.654, 50407
0.666, 50408
0.746, 50409
0.748, 50496
0.806, 50560
0.827, 50659
0.869, 50704
0.953, 50705
